SF:lib\models\menu_item.dart
DA:11,5
LF:1
LH:1
end_of_record
SF:lib\services\menu_service_impl.dart
DA:7,3
DA:10,3
DA:13,12
DA:16,3
DA:19,2
DA:22,2
DA:26,8
DA:27,2
DA:30,0
LF:9
LH:8
end_of_record
SF:lib\data\menu_mock_data.dart
DA:6,2
DA:7,2
DA:8,2
DA:14,2
DA:17,2
DA:23,2
DA:26,2
DA:32,2
DA:39,3
DA:40,3
DA:41,3
DA:47,3
DA:50,3
DA:56,3
DA:59,3
DA:65,3
DA:72,0
DA:73,0
DA:74,0
DA:75,0
LF:20
LH:16
end_of_record
SF:lib\screens\menu_detail_screen.dart
DA:11,1
DA:14,1
DA:15,1
DA:17,1
DA:19,1
DA:20,1
DA:23,1
DA:24,3
DA:25,1
DA:26,2
DA:30,3
DA:34,1
DA:36,1
DA:38,1
DA:40,1
DA:42,1
DA:43,1
DA:44,1
DA:48,1
DA:49,1
DA:52,1
DA:58,1
DA:61,1
DA:62,3
DA:63,3
DA:66,1
DA:69,1
DA:70,1
DA:71,3
DA:74,1
DA:77,1
DA:82,3
DA:83,4
LF:33
LH:33
end_of_record
SF:lib\screens\menu_list_screen.dart
DA:10,1
DA:11,1
DA:12,1
DA:14,1
DA:16,1
DA:17,1
DA:20,1
DA:21,2
DA:22,1
DA:23,2
DA:27,2
DA:31,1
DA:33,1
DA:34,1
DA:35,1
DA:36,1
DA:37,1
DA:38,2
DA:39,4
LF:19
LH:19
end_of_record
